c:\codes\opengl\learnopengl\simplecelestialsimulation\x64\debug\vc143.pdb
c:\codes\opengl\learnopengl\simplecelestialsimulation\x64\debug\vc143.idb
c:\codes\opengl\learnopengl\simplecelestialsimulation\x64\debug\stb_image.obj
c:\codes\opengl\learnopengl\simplecelestialsimulation\x64\debug\application.obj
c:\codes\opengl\learnopengl\simplecelestialsimulation\x64\debug\glad.obj
c:\codes\opengl\learnopengl\simplecelestialsimulation\x64\debug\model.obj
c:\codes\opengl\learnopengl\x64\debug\simplecelestialsimulation.pdb
c:\codes\opengl\learnopengl\simplecelestialsimulation\x64\debug\simplece.18ddf281.tlog\cl.command.1.tlog
c:\codes\opengl\learnopengl\simplecelestialsimulation\x64\debug\simplece.18ddf281.tlog\cl.read.1.tlog
c:\codes\opengl\learnopengl\simplecelestialsimulation\x64\debug\simplece.18ddf281.tlog\cl.write.1.tlog
c:\codes\opengl\learnopengl\simplecelestialsimulation\x64\debug\simplece.18ddf281.tlog\link-cvtres.read.1.tlog
c:\codes\opengl\learnopengl\simplecelestialsimulation\x64\debug\simplece.18ddf281.tlog\link-cvtres.write.1.tlog
c:\codes\opengl\learnopengl\simplecelestialsimulation\x64\debug\simplece.18ddf281.tlog\link-rc.read.1.tlog
c:\codes\opengl\learnopengl\simplecelestialsimulation\x64\debug\simplece.18ddf281.tlog\link-rc.write.1.tlog
c:\codes\opengl\learnopengl\simplecelestialsimulation\x64\debug\simplece.18ddf281.tlog\link.14144-cvtres.read.1.tlog
c:\codes\opengl\learnopengl\simplecelestialsimulation\x64\debug\simplece.18ddf281.tlog\link.14144-cvtres.write.1.tlog
c:\codes\opengl\learnopengl\simplecelestialsimulation\x64\debug\simplece.18ddf281.tlog\link.14144-rc.read.1.tlog
c:\codes\opengl\learnopengl\simplecelestialsimulation\x64\debug\simplece.18ddf281.tlog\link.14144-rc.write.1.tlog
c:\codes\opengl\learnopengl\simplecelestialsimulation\x64\debug\simplece.18ddf281.tlog\link.14144.read.1.tlog
c:\codes\opengl\learnopengl\simplecelestialsimulation\x64\debug\simplece.18ddf281.tlog\link.14144.read.2.tlog
c:\codes\opengl\learnopengl\simplecelestialsimulation\x64\debug\simplece.18ddf281.tlog\link.14144.write.1.tlog
c:\codes\opengl\learnopengl\simplecelestialsimulation\x64\debug\simplece.18ddf281.tlog\link.command.1.tlog
c:\codes\opengl\learnopengl\simplecelestialsimulation\x64\debug\simplece.18ddf281.tlog\link.read.1.tlog
c:\codes\opengl\learnopengl\simplecelestialsimulation\x64\debug\simplece.18ddf281.tlog\link.read.2.tlog
c:\codes\opengl\learnopengl\simplecelestialsimulation\x64\debug\simplece.18ddf281.tlog\link.read.3.tlog
c:\codes\opengl\learnopengl\simplecelestialsimulation\x64\debug\simplece.18ddf281.tlog\link.write.1.tlog
